*** Starting uWSGI 2.0.14 (64bit) on [Thu Oct 20 16:20:33 2016] ***
compiled with version: 5.4.0 20160609 on 20 October 2016 16:09:27
os: Linux-4.4.0-38-generic #57-Ubuntu SMP Tue Sep 6 15:42:33 UTC 2016
nodename: moxi-System-Product-Name
machine: x86_64
clock source: unix
detected number of CPU cores: 4
current working directory: /home/moxi/production/microTest
detected binary path: /usr/local/bin/uwsgi
!!! no internal routing support, rebuild with pcre support !!!
chdir() to /home/moxi/production/microTest
your processes number limit is 63563
your memory page size is 4096 bytes
detected max file descriptor number: 1024
lock engine: pthread robust mutexes
thunder lock: disabled (you can enable it with --thunder-lock)
uwsgi socket 0 bound to TCP address 127.0.0.1:8080 fd 3
Python version: 2.7.12 (default, Jul  1 2016, 15:12:24)  [GCC 5.4.0 20160609]
*** Python threads support is disabled. You can enable it with --enable-threads ***
Python main interpreter initialized at 0x993dd0
your server socket listen backlog is limited to 100 connections
your mercy for graceful operations on workers is 60 seconds
mapped 218304 bytes (213 KB) for 2 cores
*** Operational MODE: preforking ***
WSGI app 0 (mountpoint='') ready in 0 seconds on interpreter 0x993dd0 pid: 26442 (default app)
*** uWSGI is running in multiple interpreter mode ***
spawned uWSGI master process (pid: 26442)
spawned uWSGI worker 1 (pid: 26445, cores: 1)
spawned uWSGI worker 2 (pid: 26446, cores: 1)
invalid request block size: 21573 (max 4096)...skip
invalid request block size: 21573 (max 4096)...skip
invalid request block size: 21573 (max 4096)...skip
invalid request block size: 21573 (max 4096)...skip
invalid request block size: 21573 (max 4096)...skip
invalid request block size: 21573 (max 4096)...skip
invalid request block size: 21573 (max 4096)...skip
invalid request block size: 21573 (max 4096)...skip
invalid request block size: 21573 (max 4096)...skip
invalid request block size: 21573 (max 4096)...skip
invalid request block size: 21573 (max 4096)...skip
invalid request block size: 21573 (max 4096)...skip
invalid request block size: 21573 (max 4096)...skip
invalid request block size: 21573 (max 4096)...skip
invalid request block size: 21573 (max 4096)...skip
invalid request block size: 21573 (max 4096)...skip
invalid request block size: 21573 (max 4096)...skip
invalid request block size: 21573 (max 4096)...skip
invalid request block size: 21573 (max 4096)...skip
invalid request block size: 21573 (max 4096)...skip
invalid request block size: 21573 (max 4096)...skip
invalid request block size: 21573 (max 4096)...skip
invalid request block size: 21573 (max 4096)...skip
invalid request block size: 21573 (max 4096)...skip
invalid request block size: 21573 (max 4096)...skip
invalid request block size: 21573 (max 4096)...skip
invalid request block size: 21573 (max 4096)...skip
invalid request block size: 21573 (max 4096)...skip
invalid request block size: 21573 (max 4096)...skip
invalid request block size: 21573 (max 4096)...skip
invalid request block size: 21573 (max 4096)...skip
invalid request block size: 21573 (max 4096)...skip
invalid request block size: 21573 (max 4096)...skip
invalid request block size: 21573 (max 4096)...skip
invalid request block size: 21573 (max 4096)...skip
invalid request block size: 21573 (max 4096)...skip
invalid request block size: 21573 (max 4096)...skip
invalid request block size: 21573 (max 4096)...skip
invalid request block size: 21573 (max 4096)...skip
invalid request block size: 21573 (max 4096)...skip
...brutally killing workers...
worker 1 buried after 1 seconds
worker 2 buried after 1 seconds
binary reloading uWSGI...
chdir() to /home/moxi/production/microTest
closing all non-uwsgi socket fds > 2 (max_fd = 1024)...
found fd 3 mapped to socket 0 (127.0.0.1:8080)
running /usr/local/bin/uwsgi
[uWSGI] getting INI configuration from config.ini
Thu Oct 20 16:50:22 2016 - *** Starting uWSGI 2.0.14 (64bit) on [Thu Oct 20 16:50:22 2016] ***
Thu Oct 20 16:50:22 2016 - compiled with version: 5.4.0 20160609 on 20 October 2016 16:09:27
Thu Oct 20 16:50:22 2016 - os: Linux-4.4.0-38-generic #57-Ubuntu SMP Tue Sep 6 15:42:33 UTC 2016
Thu Oct 20 16:50:22 2016 - nodename: moxi-System-Product-Name
Thu Oct 20 16:50:22 2016 - machine: x86_64
Thu Oct 20 16:50:22 2016 - clock source: unix
Thu Oct 20 16:50:22 2016 - detected number of CPU cores: 4
Thu Oct 20 16:50:22 2016 - current working directory: /home/moxi/production/microTest
Thu Oct 20 16:50:22 2016 - detected binary path: /usr/local/bin/uwsgi
Thu Oct 20 16:50:22 2016 - !!! no internal routing support, rebuild with pcre support !!!
Thu Oct 20 16:50:22 2016 - chdir() to /home/moxi/production/microTest
Thu Oct 20 16:50:22 2016 - your processes number limit is 63563
Thu Oct 20 16:50:22 2016 - your memory page size is 4096 bytes
Thu Oct 20 16:50:22 2016 - detected max file descriptor number: 1024
Thu Oct 20 16:50:22 2016 - lock engine: pthread robust mutexes
Thu Oct 20 16:50:22 2016 - thunder lock: disabled (you can enable it with --thunder-lock)
Thu Oct 20 16:50:22 2016 - probably another instance of uWSGI is running on the same address (0.0.0.0:9000).
Thu Oct 20 16:50:22 2016 - bind(): Address already in use [core/socket.c line 769]
